2024-01-11 17:07:36,891 [main] INFO COVERFOXINSURANCE - Launching coverfox
2024-01-11 17:09:09,031 [main] INFO COVERFOXINSURANCE - Launching coverfox
2024-01-11 17:09:14,557 [main] INFO COVERFOXINSURANCE - Launching coverfox
2024-01-11 17:10:39,340 [main] INFO COVERFOXINSURANCE - Launching coverfox
2024-01-11 17:11:12,050 [main] INFO COVERFOXINSURANCE - Launching coverfox
2024-01-11 17:11:21,833 [main] INFO COVERFOXINSURANCE - Launching coverfox
2024-01-11 17:45:27,454 [main] INFO COVERFOXINSURANCE - Launching coverfox
2024-01-11 17:46:45,090 [main] INFO COVERFOXINSURANCE - Launching coverfox
2024-01-11 17:47:02,615 [main] INFO COVERFOXINSURANCE - Launching coverfox
2024-01-11 22:15:43,733 [main] INFO COVERFOXINSURANCE - Launching coverfox
2024-01-11 22:17:31,174 [main] INFO COVERFOXINSURANCE - clicking on male button
2024-01-11 22:17:32,240 [main] INFO COVERFOXINSURANCE - Launching coverfox
2024-01-11 22:17:32,922 [main] INFO COVERFOXINSURANCE - clicking on next button
2024-01-11 22:17:33,988 [main] INFO COVERFOXINSURANCE - Handling age drop down
2024-01-11 22:17:38,643 [main] INFO COVERFOXINSURANCE - clicking on next button
2024-01-11 22:17:39,839 [main] INFO COVERFOXINSURANCE - Entering pin code
2024-01-12 15:32:38,001 [main] INFO COVERFOXINSURANCE - Launching coverfox
2024-01-20 13:54:52,964 [main] INFO COVERFOXINSURANCE - Launching coverfox
2024-01-20 13:58:45,996 [main] INFO COVERFOXINSURANCE - clicking on male button
2024-01-20 13:58:47,596 [main] INFO COVERFOXINSURANCE - Launching coverfox
2024-01-20 13:59:06,485 [main] INFO COVERFOXINSURANCE - clicking on next button
2024-01-20 13:59:07,486 [main] INFO COVERFOXINSURANCE - Handling age drop down
2024-01-20 13:59:23,526 [main] INFO COVERFOXINSURANCE - clicking on next button
2024-01-20 13:59:25,308 [main] INFO COVERFOXINSURANCE - Entering pin code
2024-01-20 14:35:32,533 [main] INFO COVERFOXINSURANCE - Launching coverfox
2024-01-20 14:37:40,193 [main] INFO COVERFOXINSURANCE - clicking on male button
2024-01-20 14:37:41,209 [main] INFO COVERFOXINSURANCE - Launching coverfox
2024-01-20 14:37:54,364 [main] INFO COVERFOXINSURANCE - clicking on next button
2024-01-20 14:37:55,368 [main] INFO COVERFOXINSURANCE - Handling age drop down
2024-01-20 15:52:18,974 [main] INFO COVERFOXINSURANCE - Launching coverfox
2024-01-20 15:55:25,778 [main] INFO COVERFOXINSURANCE - clicking on male button
2024-01-20 15:55:26,785 [main] INFO COVERFOXINSURANCE - Launching coverfox
2024-01-20 15:55:27,510 [main] INFO COVERFOXINSURANCE - clicking on next button
2024-01-20 15:55:28,514 [main] INFO COVERFOXINSURANCE - Handling age drop down
2024-01-20 15:55:50,769 [main] INFO COVERFOXINSURANCE - clicking on next button
2024-01-20 15:55:51,917 [main] INFO COVERFOXINSURANCE - Entering pin code
2024-01-21 14:02:00,892 [main] INFO COVERFOXINSURANCE - Launching coverfox
2024-02-18 15:52:28,628 [main] INFO COVERFOXINSURANCE - Launching coverfox
2024-02-18 15:53:41,783 [main] INFO COVERFOXINSURANCE - clicking on male button
2024-02-18 15:53:42,785 [main] INFO COVERFOXINSURANCE - Launching coverfox
2024-02-18 15:53:43,420 [main] INFO COVERFOXINSURANCE - clicking on next button
2024-02-18 15:53:44,422 [main] INFO COVERFOXINSURANCE - Handling age drop down
2024-02-18 15:53:57,964 [main] INFO COVERFOXINSURANCE - clicking on next button
2024-02-18 15:53:59,082 [main] INFO COVERFOXINSURANCE - Entering pin code
2024-02-21 14:54:23,000 [main] INFO COVERFOXINSURANCE - Launching coverfox
2024-02-21 14:59:01,039 [main] INFO COVERFOXINSURANCE - clicking on male button
2024-02-21 14:59:03,222 [main] INFO COVERFOXINSURANCE - Launching coverfox
2024-02-21 14:59:10,849 [main] INFO COVERFOXINSURANCE - clicking on next button
2024-02-21 14:59:11,852 [main] INFO COVERFOXINSURANCE - Handling age drop down
2024-02-21 14:59:28,309 [main] INFO COVERFOXINSURANCE - clicking on next button
2024-02-21 14:59:29,539 [main] INFO COVERFOXINSURANCE - Entering pin code
2024-02-29 14:28:02,503 [main] INFO COVERFOXINSURANCE - Launching coverfox
