2024-01-11 17:07:36,891 - COVERFOXINSURANCE -INFO - Launching coverfox
2024-01-11 17:09:09,031 - COVERFOXINSURANCE -INFO - Launching coverfox
2024-01-11 17:09:14,557 - COVERFOXINSURANCE -INFO - Launching coverfox
2024-01-11 17:10:39,340 - COVERFOXINSURANCE -INFO - Launching coverfox
2024-01-11 17:11:12,050 - COVERFOXINSURANCE -INFO - Launching coverfox
2024-01-11 17:11:21,833 - COVERFOXINSURANCE -INFO - Launching coverfox
2024-01-11 17:45:27,454 - COVERFOXINSURANCE -INFO - Launching coverfox
2024-01-11 17:46:45,090 - COVERFOXINSURANCE -INFO - Launching coverfox
2024-01-11 17:47:02,615 - COVERFOXINSURANCE -INFO - Launching coverfox
2024-01-11 22:15:43,733 - COVERFOXINSURANCE -INFO - Launching coverfox
2024-01-11 22:17:31,174 - COVERFOXINSURANCE -INFO - clicking on male button
2024-01-11 22:17:32,240 - COVERFOXINSURANCE -INFO - Launching coverfox
2024-01-11 22:17:32,922 - COVERFOXINSURANCE -INFO - clicking on next button
2024-01-11 22:17:33,988 - COVERFOXINSURANCE -INFO - Handling age drop down
2024-01-11 22:17:38,643 - COVERFOXINSURANCE -INFO - clicking on next button
2024-01-11 22:17:39,839 - COVERFOXINSURANCE -INFO - Entering pin code
2024-01-12 15:32:38,001 - COVERFOXINSURANCE -INFO - Launching coverfox
2024-01-20 13:54:52,964 - COVERFOXINSURANCE -INFO - Launching coverfox
2024-01-20 13:58:45,996 - COVERFOXINSURANCE -INFO - clicking on male button
2024-01-20 13:58:47,596 - COVERFOXINSURANCE -INFO - Launching coverfox
2024-01-20 13:59:06,485 - COVERFOXINSURANCE -INFO - clicking on next button
2024-01-20 13:59:07,486 - COVERFOXINSURANCE -INFO - Handling age drop down
2024-01-20 13:59:23,526 - COVERFOXINSURANCE -INFO - clicking on next button
2024-01-20 13:59:25,308 - COVERFOXINSURANCE -INFO - Entering pin code
2024-01-20 14:35:32,533 - COVERFOXINSURANCE -INFO - Launching coverfox
2024-01-20 14:37:40,193 - COVERFOXINSURANCE -INFO - clicking on male button
2024-01-20 14:37:41,209 - COVERFOXINSURANCE -INFO - Launching coverfox
2024-01-20 14:37:54,364 - COVERFOXINSURANCE -INFO - clicking on next button
2024-01-20 14:37:55,368 - COVERFOXINSURANCE -INFO - Handling age drop down
2024-01-20 15:52:18,974 - COVERFOXINSURANCE -INFO - Launching coverfox
2024-01-20 15:55:25,778 - COVERFOXINSURANCE -INFO - clicking on male button
2024-01-20 15:55:26,785 - COVERFOXINSURANCE -INFO - Launching coverfox
2024-01-20 15:55:27,510 - COVERFOXINSURANCE -INFO - clicking on next button
2024-01-20 15:55:28,514 - COVERFOXINSURANCE -INFO - Handling age drop down
2024-01-20 15:55:50,769 - COVERFOXINSURANCE -INFO - clicking on next button
2024-01-20 15:55:51,917 - COVERFOXINSURANCE -INFO - Entering pin code
2024-01-21 14:02:00,892 - COVERFOXINSURANCE -INFO - Launching coverfox
